Handling lib "zz_boards"...
Handling lib "rpc-uart"...
Handling lib "rpc-serviceSuccess, built my-app-c/esp8266 version 1.0 (20181203-211953).
Firmware saved to E:\sw_development\LEDHeater\my-app-c\build\fw.zip
By the way, there is a newer version available: "2.8.1" (you use "2.7.1"). Run "mos update" to upgrade.
pio: Checking out 2.7.1...
rpc-uart: Checking out 2.7.1...
rpc-service-i2c: Checking out 2.7.1...
core: Checking out 2.7.1...
i2c: Checking out 2.7.1...
rpc-ws: Checking out 2.7.1...
pwm: Checking out 2.7.1...
wifi: Checking out 2.7.1...
http-server: Checking out 2.7.1...
core: Done, hash 4c055c1947e4665c8bffcf6b0adda12fcf1b92fb
i2c: Done, hash 825d359dc969ac28821222ec9b98be3504d8ba0c
pwm: Done, hash c47459f563236a8e4582c2920931bfa0d3dd8f46
wifi: Done, hash 2b0c08e0cc0bcc64519004d09a8b501529394156
http-server: Done, hash 4803a1ba392c7caa984ce620f428bff598bc94b0
rpc-ws: Done, hash e4855797368274b29e7bce4390fe2b11f62b6dbd
zz_boards: Done, hash 4f57f9e03ac9d04ba9a910878c1be71119380f82
rpc-service-gpio: Done, hash 8175948ca730763ae6565ebd81dda97c843c67af
rpc-uart: Done, hash 45037dcad1a658ee0acf3d7247ca390dab977a87
rpc-service-i2c: Done, hash 5b70ce05fa703ef075f924717727104c1a6a24be
core: Hash unchanged at 4c055c1947e4665c8bffcf6b0adda12fcf1b92fb (dir "/fwbuild-volumes/2.7.1/apps/my-app-c/esp8266/build_contexts/build_ctx_966624955/libs/core")
core: Prepared local dir: "/fwbuild-volumes/2.7.1/apps/my-app-c/esp8266/build_contexts/build_ctx_966624955/libs/core"
rpc-uart: Hash unchanged at 45037dcad1a658ee0acf3d7247ca390dab977a87 (dir "/fwbuild-volumes/2.7.1/apps/my-app-c/esp8266/build_contexts/build_ctx_966624955/libs/rpc-uart")
rpc-uart: Prepared local dir: "/fwbuild-volumes/2.7.1/apps/my-app-c/esp8266/build_contexts/build_ctx_966624955/libs/rpc-uart"
wifi: Hash unchanged at 2b0c08e0cc0bcc64519004d09a8b501529394156 (dir "/fwbuild-volumes/2.7.1/apps/my-app-c/esp8266/build_contexts/build_ctx_966624955/libs/wifi")
pwm: Hash unchanged at c47459f563236a8e4582c2920931bfa0d3dd8f46 (dir "/fwbuild-volumes/2.7.1/apps/my-app-c/esp8266/build_contexts/build_ctx_966624955/libs/pwm")
wifi: Prepared local dir: "/fwbuild-volumes/2.7.1/apps/my-app-c/esp8266/build_contexts/build_ctx_966624955/libs/wifi"
pwm: Prepared local dir: "/fwbuild-volumes/2.7.1/apps/my-app-c/esp8266/build_contexts/build_ctx_966624955/libs/pwm"
Handling lib "rpc-common"...
http-server: Hash unchanged at 4803a1ba392c7caa984ce620f428bff598bc94b0 (dir "/fwbuild-volumes/2.7.1/apps/my-app-c/esp8266/build_contexts/build_ctx_966624955/libs/http-server")
http-server: Prepared local dir: "/fwbuild-volumes/2.7.1/apps/my-app-c/esp8266/build_contexts/build_ctx_966624955/libs/http-server"
rpc-ws: Hash unchanged at e4855797368274b29e7bce4390fe2b11f62b6dbd (dir "/fwbuild-volumes/2.7.1/apps/my-app-c/esp8266/build_contexts/build_ctx_966624955/libs/rpc-ws")
i2c: Hash unchanged at 825d359dc969ac28821222ec9b98be3504d8ba0c (dir "/fwbuild-volumes/2.7.1/apps/my-app-c/esp8266/build_contexts/build_ctx_966624955/libs/i2c")
rpc-ws: Prepared local dir: "/fwbuild-volumes/2.7.1/apps/my-app-c/esp8266/build_contexts/build_ctx_966624955/libs/rpc-ws"
i2c: Prepared local dir: "/fwbuild-volumes/2.7.1/apps/my-app-c/esp8266/build_contexts/build_ctx_966624955/libs/i2c"
rpc-service-i2c: Hash unchanged at 5b70ce05fa703ef075f924717727104c1a6a24be (dir "/fwbuild-volumes/2.7.1/apps/my-app-c/esp8266/build_contexts/build_ctx_966624955/libs/rpc-service-i2c")
rpc-service-gpio: Hash unchanged at 8175948ca730763ae6565ebd81dda97c843c67af (dir "/fwbuild-volumes/2.7.1/apps/my-app-c/esp8266/build_contexts/build_ctx_966624955/libs/rpc-service-gpio")
zz_boards: Hash unchanged at 4f57f9e03ac9d04ba9a910878c1be71119380f82 (dir "/fwbuild-volumes/2.7.1/apps/my-app-c/esp8266/build_contexts/build_ctx_966624955/libs/boards")
zz_boards: Prepared local dir: "/fwbuild-volumes/2.7.1/apps/my-app-c/esp8266/build_contexts/build_ctx_966624955/libs/boards"
rpc-service-i2c: Prepared local dir: "/fwbuild-volumes/2.7.1/apps/my-app-c/esp8266/build_contexts/build_ctx_966624955/libs/rpc-service-i2c"
rpc-service-gpio: Prepared local dir: "/fwbuild-volumes/2.7.1/apps/my-app-c/esp8266/build_contexts/build_ctx_966624955/libs/rpc-service-gpio"
Handling lib "mongoose"...
Handling lib "vfs-fs-spiffs"...
Handling lib "vfs-dev-part"...
rpc-common: Checking out 2.7.1...
vfs-dev-part: Checking out 2.7.1...
mongoose: Checking out 2.7.1...
vfs-fs-spiffs: Checking out 2.7.1...
rpc-common: Done, hash 1847d4f54f6535363e18a12e6daf79f862fa6ed9
rpc-common: Hash unchanged at 1847d4f54f6535363e18a12e6daf79f862fa6ed9 (dir "/fwbuild-volumes/2.7.1/apps/my-app-c/esp8266/build_contexts/build_ctx_966624955/libs/rpc-common")
rpc-common: Prepared local dir: "/fwbuild-volumes/2.7.1/apps/my-app-c/esp8266/build_contexts/build_ctx_966624955/libs/rpc-common"
vfs-dev-part: Done, hash 5a7aadd66bfcee7c4391120fc6636f20272bda0a
vfs-dev-part: Hash unchanged at 5a7aadd66bfcee7c4391120fc6636f20272bda0a (dir "/fwbuild-volumes/2.7.1/apps/my-app-c/esp8266/build_contexts/build_ctx_966624955/libs/vfs-dev-part")
vfs-dev-part: Prepared local dir: "/fwbuild-volumes/2.7.1/apps/my-app-c/esp8266/build_contexts/build_ctx_966624955/libs/vfs-dev-part"
Handling lib "vfs-common"...
mongoose: Done, hash 6525f3478da4e52b6c738461ce3c5e380ad31988
mongoose: Hash unchanged at 6525f3478da4e52b6c738461ce3c5e380ad31988 (dir "/fwbuild-volumes/2.7.1/apps/my-app-c/esp8266/build_contexts/build_ctx_966624955/libs/mongoose")
mongoose: Prepared local dir: "/fwbuild-volumes/2.7.1/apps/my-app-c/esp8266/build_contexts/build_ctx_966624955/libs/mongoose"
Handling lib "mbedtls"...
vfs-fs-spiffs: Done, hash 860d312f7b5a04ee2ab450712b0c33ff9366b523
vfs-fs-spiffs: Hash unchanged at 860d312f7b5a04ee2ab450712b0c33ff9366b523 (dir "/fwbuild-volumes/2.7.1/apps/my-app-c/esp8266/build_contexts/build_ctx_966624955/libs/vfs-fs-spiffs")
vfs-fs-spiffs: Prepared local dir: "/fwbuild-volumes/2.7.1/apps/my-app-c/esp8266/build_contexts/build_ctx_966624955/libs/vfs-fs-spiffs"
vfs-common: Checking out 2.7.1...
vfs-common: Done, hash e935abfdbf1e63093d79af527e564d7c4cd9db00
vfs-common: Hash unchanged at e935abfdbf1e63093d79af527e564d7c4cd9db00 (dir "/fwbuild-volumes/2.7.1/apps/my-app-c/esp8266/build_contexts/build_ctx_966624955/libs/vfs-common")
vfs-common: Prepared local dir: "/fwbuild-volumes/2.7.1/apps/my-app-c/esp8266/build_contexts/build_ctx_966624955/libs/vfs-common"
mbedtls: Checking out 2.7.1...
mbedtls: Done, hash 54b06431456e4079cb751bc6f1fe7ff229f1ebea
mbedtls: Hash unchanged at 54b06431456e4079cb751bc6f1fe7ff229f1ebea (dir "/fwbuild-volumes/2.7.1/apps/my-app-c/esp8266/build_contexts/build_ctx_966624955/libs/mbedtls")
mbedtls: Prepared local dir: "/fwbuild-volumes/2.7.1/apps/my-app-c/esp8266/build_contexts/build_ctx_966624955/libs/mbedtls"
Handling lib "atca"...
atca: Checking out 2.7.1...
atca: Done, hash df2bbaf0d1279ab104459bbadf1477daf4b39e08
atca: Hash unchanged at df2bbaf0d1279ab104459bbadf1477daf4b39e08 (dir "/fwbuild-volumes/2.7.1/apps/my-app-c/esp8266/build_contexts/build_ctx_966624955/libs/atca")
atca: Prepared local dir: "/fwbuild-volumes/2.7.1/apps/my-app-c/esp8266/build_contexts/build_ctx_966624955/libs/atca"
The flag --repo is not given, going to use mongoose-os repository
mongoose-os: Checking out 2.7.1...
mongoose-os: Done, hash 9b3cfae2a33b0e36747516f297466efa534c59c3
Prebuilt binary for "mbedtls" already exists at "/fwbuild-volumes/2.7.1/apps/my-app-c/esp8266/build_contexts/build_ctx_966624955/libs/mbedtls/lib/esp8266/libmbedtls.a"
Prebuilt binary for "mongoose" already exists at "/fwbuild-volumes/2.7.1/apps/my-app-c/esp8266/build_contexts/build_ctx_966624955/libs/mongoose/lib/esp8266/libmongoose.a"
Sources: [/fwbuild-volumes/2.7.1/apps/my-app-c/esp8266/build_contexts/build_ctx_966624955/src/main.c /fwbuild-volumes/2.7.1/apps/my-app-c/esp8266/build_contexts/build_ctx_966624955/build/gen/mgos_deps_init.c /fwbuild-volumes/2.7.1/apps/my-app-c/esp8266/build_contexts/build_ctx_966624955/libs/i2c/src/mgos_i2c.c /fwbuild-volumes/2.7.1/apps/my-app-c/esp8266/build_contexts/build_ctx_966624955/libs/i2c/src/common_gpio/mgos_i2c_gpio.c /fwbuild-volumes/2.7.1/apps/my-app-c/esp8266/build_contexts/build_ctx_966624955/libs/atca/src/mgos_atca.c /fwbuild-volumes/2.7.1/apps/my-app-c/esp8266/build_contexts/build_ctx_966624955/libs/atca/cryptoauthlib/lib/atca_cfgs.c /fwbuild-volumes/2.7.1/apps/my-app-c/esp8266/build_contexts/build_ctx_966624955/libs/atca/cryptoauthlib/lib/atca_command.c /fwbuild-volumes/2.7.1/apps/my-app-c/esp8266/build_contexts/build_ctx_966624955/libs/atca/cryptoauthlib/lib/atca_device.c /fwbuild-volumes/2.7.1/apps/my-app-c/esp8266/build_contexts/build_ctx_966624955/libs/atca/cryptoauthlib/lib/atca_iface.c /fwbuild-volumes/2.7.1/apps/my-app-c/esp8266/build_contexts/build_ctx_966624955/libs/atca/cryptoauthlib/lib/basic/atca_basic.c /fwbuild-volumes/2.7.1/apps/my-app-c/esp8266/build_contexts/build_ctx_966624955/libs/atca/cryptoauthlib/lib/basic/atca_helpers.c /fwbuild-volumes/2.7.1/apps/my-app-c/esp8266/build_contexts/build_ctx_966624955/libs/atca/cryptoauthlib/lib/host/atca_host.c /fwbuild-volumes/2.7.1/apps/my-app-c/esp8266/build_contexts/build_ctx_966624955/libs/vfs-common/src/mgos_vfs.c /fwbuild-volumes/2.7.1/apps/my-app-c/esp8266/build_contexts/build_ctx_966624955/libs/vfs-common/src/mgos_vfs_dev.c /fwbuild-volumes/2.7.1/apps/my-app-c/esp8266/build_contexts/build_ctx_966624955/libs/vfs-common/src/mgos_vfs_internal.c /fwbuild-volumes/2.7.1/apps/my-app-c/esp8266/build_contexts/build_ctx_966624955/libs/vfs-common/src/esp8266/esp_flash_writer.c /fwbuild-volumes/2.7.1/apps/my-app-c/esp8266/build_contexts/build_ctx_966624955/libs/vfs-common/src/esp8266/esp_fs.c /fwbuild-volumes/2.7.1/apps/my-app-c/esp8266/build_contexts/build_ctx_966624955/libs/vfs-common/src/esp8266/esp_vfs_dev_sysflash.c /fwbuild-volumes/2.7.1/apps/my-app-c/esp8266/build_contexts/build_ctx_966624955/libs/vfs-dev-part/src/mgos_vfs_dev_part.c /fwbuild-volumes/2.7.1/apps/my-app-c/esp8266/build_contexts/build_ctx_966624955/libs/vfs-fs-spiffs/src/mgos_vfs_fs_spiffs.c /fwbuild-volumes/2.7.1/apps/my-app-c/esp8266/build_contexts/build_ctx_966624955/libs/vfs-fs-spiffs/src/spiffs/spiffs_cache.c /fwbuild-volumes/2.7.1/apps/my-app-c/esp8266/build_contexts/build_ctx_966624955/libs/vfs-fs-spiffs/src/spiffs/spiffs_check.c /fwbuild-volumes/2.7.1/apps/my-app-c/esp8266/build_contexts/build_ctx_966624955/libs/vfs-fs-spiffs/src/spiffs/spiffs_gc.c /fwbuild-volumes/2.7.1/apps/my-app-c/esp8266/build_contexts/build_ctx_966624955/libs/vfs-fs-spiffs/src/spiffs/spiffs_hydrogen.c /fwbuild-volumes/2.7.1/apps/my-app-c/esp8266/build_contexts/build_ctx_966624955/libs/vfs-fs-spiffs/src/spiffs/spiffs_nucleus.c /fwbuild-volumes/2.7.1/apps/my-app-c/esp8266/build_contexts/build_ctx_966624955/libs/core/src/mgos_core.c /fwbuild-volumes/2.7.1/apps/my-app-c/esp8266/build_contexts/build_ctx_966624955/libs/core/src/esp8266/esp_rboot.c /fwbuild-volumes/2.7.1/apps/my-app-c/esp8266/build_contexts/build_ctx_966624955/libs/http-server/src/mgos_http_server.c /fwbuild-volumes/2.7.1/apps/my-app-c/esp8266/build_contexts/build_ctx_966624955/libs/pwm/src/mgos_pwm.c /fwbuild-volumes/2.7.1/apps/my-app-c/esp8266/build_contexts/build_ctx_966624955/libs/pwm/src/mgos_pwm_rgb_led.c /fwbuild-volumes/2.7.1/apps/my-app-c/esp8266/build_contexts/build_ctx_966624955/libs/pwm/src/esp8266/esp_pwm.c /fwbuild-volumes/2.7.1/apps/my-app-c/esp8266/build_contexts/build_ctx_966624955/libs/rpc-common/src/mg_rpc.c /fwbuild-volumes/2.7.1/apps/my-app-c/esp8266/build_contexts/build_ctx_966624955/libs/rpc-common/src/mg_rpc_channel.c /fwbuild-volumes/2.7.1/apps/my-app-c/esp8266/build_contexts/build_ctx_966624955/libs/rpc-common/src/mg_rpc_channel_http.c /fwbuild-volumes/2.7.1/apps/my-app-c/esp8266/build_contexts/build_ctx_966624955/libs/rpc-common/src/mgos_rpc.c /fwbuild-volumes/2.7.1/apps/my-app-c/esp8266/build_contexts/build_ctx_966624955/libs/rpc-service-gpio/src/mgos_gpio_service.c /fwbuild-volumes/2.7.1/apps/my-app-c/esp8266/build_contexts/build_ctx_966624955/libs/rpc-service-i2c/src/mgos_i2c_service.c /fwbuild-volumes/2.7.1/apps/my-app-c/esp8266/build_contexts/build_ctx_966624955/libs/rpc-uart/src/mgos_rpc_channel_uart.c /fwbuild-volumes/2.7.1/apps/my-app-c/esp8266/build_contexts/build_ctx_966624955/libs/rpc-ws/src/mg_rpc_channel_ws.c /fwbuild-volumes/2.7.1/apps/my-app-c/esp8266/build_contexts/build_ctx_966624955/libs/rpc-ws/src/mgos_rpc_ws.c /fwbuild-volumes/2.7.1/apps/my-app-c/esp8266/build_contexts/build_ctx_966624955/libs/wifi/src/mgos_wifi.c /fwbuild-volumes/2.7.1/apps/my-app-c/esp8266/build_contexts/build_ctx_966624955/libs/wifi/src/mjs_wifi.c /fwbuild-volumes/2.7.1/apps/my-app-c/esp8266/build_contexts/build_ctx_966624955/libs/wifi/esp8266/src/esp_wifi.c]
Include dirs: [/fwbuild-volumes/2.7.1/apps/my-app-c/esp8266/build_contexts/build_ctx_966624955/libs/i2c/include /fwbuild-volumes/2.7.1/apps/my-app-c/esp8266/build_contexts/build_ctx_966624955/libs/atca/include /fwbuild-volumes/2.7.1/apps/my-app-c/esp8266/build_contexts/build_ctx_966624955/libs/atca/cryptoauthlib/lib /fwbuild-volumes/2.7.1/apps/my-app-c/esp8266/build_contexts/build_ctx_966624955/libs/mbedtls/include /fwbuild-volumes/2.7.1/apps/my-app-c/esp8266/build_contexts/build_ctx_966624955/libs/mbedtls/include/esp8266 /fwbuild-volumes/2.7.1/apps/my-app-c/esp8266/build_contexts/build_ctx_966624955/libs/mbedtls/mbedtls/include /fwbuild-volumes/2.7.1/apps/my-app-c/esp8266/build_contexts/build_ctx_966624955/libs/vfs-common/include /fwbuild-volumes/2.7.1/apps/my-app-c/esp8266/build_contexts/build_ctx_966624955/libs/vfs-common/include/esp8266 /fwbuild-volumes/2.7.1/apps/my-app-c/esp8266/build_contexts/build_ctx_966624955/libs/mongoose/include /fwbuild-volumes/2.7.1/apps/my-app-c/esp8266/build_contexts/build_ctx_966624955/libs/vfs-dev-part/include /fwbuild-volumes/2.7.1/apps/my-app-c/esp8266/build_contexts/build_ctx_966624955/libs/vfs-fs-spiffs/include /fwbuild-volumes/2.7.1/apps/my-app-c/esp8266/build_contexts/build_ctx_966624955/libs/vfs-fs-spiffs/include/spiffs /fwbuild-volumes/2.7.1/apps/my-app-c/esp8266/build_contexts/build_ctx_966624955/libs/vfs-fs-spiffs/include/esp8266 /fwbuild-volumes/2.7.1/apps/my-app-c/esp8266/build_contexts/build_ctx_966624955/libs/core/include /fwbuild-volumes/2.7.1/apps/my-app-c/esp8266/build_contexts/build_ctx_966624955/libs/core/include/esp8266 /fwbuild-volumes/2.7.1/apps/my-app-c/esp8266/build_contexts/build_ctx_966624955/libs/http-server/include /fwbuild-volumes/2.7.1/apps/my-app-c/esp8266/build_contexts/build_ctx_966624955/libs/pwm/include /fwbuild-volumes/2.7.1/apps/my-app-c/esp8266/build_contexts/build_ctx_966624955/libs/rpc-common/include /fwbuild-volumes/2.7.1/apps/my-app-c/esp8266/build_contexts/build_ctx_966624955/libs/rpc-service-gpio/include /fwbuild-volumes/2.7.1/apps/my-app-c/esp8266/build_contexts/build_ctx_966624955/libs/rpc-service-i2c/include /fwbuild-volumes/2.7.1/apps/my-app-c/esp8266/build_contexts/build_ctx_966624955/libs/rpc-uart/include /fwbuild-volumes/2.7.1/apps/my-app-c/esp8266/build_contexts/build_ctx_966624955/libs/rpc-ws/include /fwbuild-volumes/2.7.1/apps/my-app-c/esp8266/build_contexts/build_ctx_966624955/libs/wifi/include]
Binary libs: [/fwbuild-volumes/2.7.1/apps/my-app-c/esp8266/build_contexts/build_ctx_966624955/libs/mbedtls/lib/esp8266/libmbedtls.a /fwbuild-volumes/2.7.1/apps/my-app-c/esp8266/build_contexts/build_ctx_966624955/libs/mongoose/lib/esp8266/libmongoose.a]
Building...
mount from "/fwbuild-volumes/2.7.1/apps/my-app-c/esp8266/build_contexts/build_ctx_966624955" to "/app"
mount from "/fwbuild-volumes/2.7.1/apps/my-app-c/esp8266/build_contexts/build_ctx_966624955/modules/mongoose-os" to "/mongoose-os"
mount from "/fwbuild-volumes/2.7.1/apps/my-app-c/esp8266/build_contexts/build_ctx_966624955/modules/mongoose-os" to "/fwbuild-volumes/2.7.1/apps/my-app-c/esp8266/build_contexts/build_ctx_966624955/modules/mongoose-os"
mount from "/fwbuild-volumes/2.7.1/apps/my-app-c/esp8266/build_contexts/build_ctx_966624955/build" to "/fwbuild-volumes/2.7.1/apps/my-app-c/esp8266/build_contexts/build_ctx_966624955/build"
mount from "/fwbuild-volumes/2.7.1/apps/my-app-c/esp8266/build_contexts/build_ctx_966624955/src" to "/fwbuild-volumes/2.7.1/apps/my-app-c/esp8266/build_contexts/build_ctx_966624955/src"
mount from "/fwbuild-volumes/2.7.1/apps/my-app-c/esp8266/build_contexts/build_ctx_966624955/build/gen" to "/fwbuild-volumes/2.7.1/apps/my-app-c/esp8266/build_contexts/build_ctx_966624955/build/gen"
mount from "/fwbuild-volumes/2.7.1/apps/my-app-c/esp8266/build_contexts/build_ctx_966624955/libs/i2c/src" to "/fwbuild-volumes/2.7.1/apps/my-app-c/esp8266/build_contexts/build_ctx_966624955/libs/i2c/src"
mount from "/fwbuild-volumes/2.7.1/apps/my-app-c/esp8266/build_contexts/build_ctx_966624955/libs/i2c/src/common_gpio" to "/fwbuild-volumes/2.7.1/apps/my-app-c/esp8266/build_contexts/build_ctx_966624955/libs/i2c/src/common_gpio"
mount from "/fwbuild-volumes/2.7.1/apps/my-app-c/esp8266/build_contexts/build_ctx_966624955/libs/atca/src" to "/fwbuild-volumes/2.7.1/apps/my-app-c/esp8266/build_contexts/build_ctx_966624955/libs/atca/src"
mount from "/fwbuild-volumes/2.7.1/apps/my-app-c/esp8266/build_contexts/build_ctx_966624955/libs/atca/cryptoauthlib/lib" to "/fwbuild-volumes/2.7.1/apps/my-app-c/esp8266/build_contexts/build_ctx_966624955/libs/atca/cryptoauthlib/lib"
mount from "/fwbuild-volumes/2.7.1/apps/my-app-c/esp8266/build_contexts/build_ctx_966624955/libs/atca/cryptoauthlib/lib/basic" to "/fwbuild-volumes/2.7.1/apps/my-app-c/esp8266/build_contexts/build_ctx_966624955/libs/atca/cryptoauthlib/lib/basic"
mount from "/fwbuild-volumes/2.7.1/apps/my-app-c/esp8266/build_contexts/build_ctx_966624955/libs/atca/cryptoauthlib/lib/crypto" to "/fwbuild-volumes/2.7.1/apps/my-app-c/esp8266/build_contexts/build_ctx_966624955/libs/atca/cryptoauthlib/lib/crypto"
mount from "/fwbuild-volumes/2.7.1/apps/my-app-c/esp8266/build_contexts/build_ctx_966624955/libs/atca/cryptoauthlib/lib/hal" to "/fwbuild-volumes/2.7.1/apps/my-app-c/esp8266/build_contexts/build_ctx_966624955/libs/atca/cryptoauthlib/lib/hal"
mount from "/fwbuild-volumes/2.7.1/apps/my-app-c/esp8266/build_contexts/build_ctx_966624955/libs/atca/cryptoauthlib/lib/host" to "/fwbuild-volumes/2.7.1/apps/my-app-c/esp8266/build_contexts/build_ctx_966624955/libs/atca/cryptoauthlib/lib/host"
mount from "/fwbuild-volumes/2.7.1/apps/my-app-c/esp8266/build_contexts/build_ctx_966624955/libs/vfs-common/src" to "/fwbuild-volumes/2.7.1/apps/my-app-c/esp8266/build_contexts/build_ctx_966624955/libs/vfs-common/src"
mount from "/fwbuild-volumes/2.7.1/apps/my-app-c/esp8266/build_contexts/build_ctx_966624955/libs/vfs-common/src/esp8266" to "/fwbuild-volumes/2.7.1/apps/my-app-c/esp8266/build_contexts/build_ctx_966624955/libs/vfs-common/src/esp8266"
mount from "/fwbuild-volumes/2.7.1/apps/my-app-c/esp8266/build_contexts/build_ctx_966624955/libs/vfs-dev-part/src" to "/fwbuild-volumes/2.7.1/apps/my-app-c/esp8266/build_contexts/build_ctx_966624955/libs/vfs-dev-part/src"
mount from "/fwbuild-volumes/2.7.1/apps/my-app-c/esp8266/build_contexts/build_ctx_966624955/libs/vfs-fs-spiffs/src" to "/fwbuild-volumes/2.7.1/apps/my-app-c/esp8266/build_contexts/build_ctx_966624955/libs/vfs-fs-spiffs/src"
mount from "/fwbuild-volumes/2.7.1/apps/my-app-c/esp8266/build_contexts/build_ctx_966624955/libs/vfs-fs-spiffs/src/spiffs" to "/fwbuild-volumes/2.7.1/apps/my-app-c/esp8266/build_contexts/build_ctx_966624955/libs/vfs-fs-spiffs/src/spiffs"
mount from "/fwbuild-volumes/2.7.1/apps/my-app-c/esp8266/build_contexts/build_ctx_966624955/libs/core/src" to "/fwbuild-volumes/2.7.1/apps/my-app-c/esp8266/build_contexts/build_ctx_966624955/libs/core/src"
mount from "/fwbuild-volumes/2.7.1/apps/my-app-c/esp8266/build_contexts/build_ctx_966624955/libs/core/src/esp8266" to "/fwbuild-volumes/2.7.1/apps/my-app-c/esp8266/build_contexts/build_ctx_966624955/libs/core/src/esp8266"
mount from "/fwbuild-volumes/2.7.1/apps/my-app-c/esp8266/build_contexts/build_ctx_966624955/libs/http-server/src" to "/fwbuild-volumes/2.7.1/apps/my-app-c/esp8266/build_contexts/build_ctx_966624955/libs/http-server/src"
mount from "/fwbuild-volumes/2.7.1/apps/my-app-c/esp8266/build_contexts/build_ctx_966624955/libs/pwm/src" to "/fwbuild-volumes/2.7.1/apps/my-app-c/esp8266/build_contexts/build_ctx_966624955/libs/pwm/src"
mount from "/fwbuild-volumes/2.7.1/apps/my-app-c/esp8266/build_contexts/build_ctx_966624955/libs/pwm/src/esp8266" to "/fwbuild-volumes/2.7.1/apps/my-app-c/esp8266/build_contexts/build_ctx_966624955/libs/pwm/src/esp8266"
mount from "/fwbuild-volumes/2.7.1/apps/my-app-c/esp8266/build_contexts/build_ctx_966624955/libs/rpc-common/src" to "/fwbuild-volumes/2.7.1/apps/my-app-c/esp8266/build_contexts/build_ctx_966624955/libs/rpc-common/src"
mount from "/fwbuild-volumes/2.7.1/apps/my-app-c/esp8266/build_contexts/build_ctx_966624955/libs/rpc-service-gpio/src" to "/fwbuild-volumes/2.7.1/apps/my-app-c/esp8266/build_contexts/build_ctx_966624955/libs/rpc-service-gpio/src"
mount from "/fwbuild-volumes/2.7.1/apps/my-app-c/esp8266/build_contexts/build_ctx_966624955/libs/rpc-service-i2c/src" to "/fwbuild-volumes/2.7.1/apps/my-app-c/esp8266/build_contexts/build_ctx_966624955/libs/rpc-service-i2c/src"
mount from "/fwbuild-volumes/2.7.1/apps/my-app-c/esp8266/build_contexts/build_ctx_966624955/libs/rpc-uart/src" to "/fwbuild-volumes/2.7.1/apps/my-app-c/esp8266/build_contexts/build_ctx_966624955/libs/rpc-uart/src"
mount from "/fwbuild-volumes/2.7.1/apps/my-app-c/esp8266/build_contexts/build_ctx_966624955/libs/rpc-ws/src" to "/fwbuild-volumes/2.7.1/apps/my-app-c/esp8266/build_contexts/build_ctx_966624955/libs/rpc-ws/src"
mount from "/fwbuild-volumes/2.7.1/apps/my-app-c/esp8266/build_contexts/build_ctx_966624955/libs/wifi/src" to "/fwbuild-volumes/2.7.1/apps/my-app-c/esp8266/build_contexts/build_ctx_966624955/libs/wifi/src"
mount from "/fwbuild-volumes/2.7.1/apps/my-app-c/esp8266/build_contexts/build_ctx_966624955/libs/wifi/esp8266/src" to "/fwbuild-volumes/2.7.1/apps/my-app-c/esp8266/build_contexts/build_ctx_966624955/libs/wifi/esp8266/src"
mount from "/fwbuild-volumes/2.7.1/apps/my-app-c/esp8266/build_contexts/build_ctx_966624955/libs/i2c/include" to "/fwbuild-volumes/2.7.1/apps/my-app-c/esp8266/build_contexts/build_ctx_966624955/libs/i2c/include"
mount from "/fwbuild-volumes/2.7.1/apps/my-app-c/esp8266/build_contexts/build_ctx_966624955/libs/atca/include" to "/fwbuild-volumes/2.7.1/apps/my-app-c/esp8266/build_contexts/build_ctx_966624955/libs/atca/include"
mount from "/fwbuild-volumes/2.7.1/apps/my-app-c/esp8266/build_contexts/build_ctx_966624955/libs/atca/cryptoauthlib/lib" to "/fwbuild-volumes/2.7.1/apps/my-app-c/esp8266/build_contexts/build_ctx_966624955/libs/atca/cryptoauthlib/lib"
mount from "/fwbuild-volumes/2.7.1/apps/my-app-c/esp8266/build_contexts/build_ctx_966624955/libs/mbedtls/include" to "/fwbuild-volumes/2.7.1/apps/my-app-c/esp8266/build_contexts/build_ctx_966624955/libs/mbedtls/include"
mount from "/fwbuild-volumes/2.7.1/apps/my-app-c/esp8266/build_contexts/build_ctx_966624955/libs/mbedtls/include/esp8266" to "/fwbuild-volumes/2.7.1/apps/my-app-c/esp8266/build_contexts/build_ctx_966624955/libs/mbedtls/include/esp8266"
mount from "/fwbuild-volumes/2.7.1/apps/my-app-c/esp8266/build_contexts/build_ctx_966624955/libs/mbedtls/mbedtls/include" to "/fwbuild-volumes/2.7.1/apps/my-app-c/esp8266/build_contexts/build_ctx_966624955/libs/mbedtls/mbedtls/include"
mount from "/fwbuild-volumes/2.7.1/apps/my-app-c/esp8266/build_contexts/build_ctx_966624955/libs/vfs-common/include" to "/fwbuild-volumes/2.7.1/apps/my-app-c/esp8266/build_contexts/build_ctx_966624955/libs/vfs-common/include"
mount from "/fwbuild-volumes/2.7.1/apps/my-app-c/esp8266/build_contexts/build_ctx_966624955/libs/vfs-common/include/esp8266" to "/fwbuild-volumes/2.7.1/apps/my-app-c/esp8266/build_contexts/build_ctx_966624955/libs/vfs-common/include/esp8266"
mount from "/fwbuild-volumes/2.7.1/apps/my-app-c/esp8266/build_contexts/build_ctx_966624955/libs/mongoose/include" to "/fwbuild-volumes/2.7.1/apps/my-app-c/esp8266/build_contexts/build_ctx_966624955/libs/mongoose/include"
mount from "/fwbuild-volumes/2.7.1/apps/my-app-c/esp8266/build_contexts/build_ctx_966624955/libs/vfs-dev-part/include" to "/fwbuild-volumes/2.7.1/apps/my-app-c/esp8266/build_contexts/build_ctx_966624955/libs/vfs-dev-part/include"
mount from "/fwbuild-volumes/2.7.1/apps/my-app-c/esp8266/build_contexts/build_ctx_966624955/libs/vfs-fs-spiffs/include" to "/fwbuild-volumes/2.7.1/apps/my-app-c/esp8266/build_contexts/build_ctx_966624955/libs/vfs-fs-spiffs/include"
mount from "/fwbuild-volumes/2.7.1/apps/my-app-c/esp8266/build_contexts/build_ctx_966624955/libs/vfs-fs-spiffs/include/spiffs" to "/fwbuild-volumes/2.7.1/apps/my-app-c/esp8266/build_contexts/build_ctx_966624955/libs/vfs-fs-spiffs/include/spiffs"
mount from "/fwbuild-volumes/2.7.1/apps/my-app-c/esp8266/build_contexts/build_ctx_966624955/libs/vfs-fs-spiffs/include/esp8266" to "/fwbuild-volumes/2.7.1/apps/my-app-c/esp8266/build_contexts/build_ctx_966624955/libs/vfs-fs-spiffs/include/esp8266"
mount from "/fwbuild-volumes/2.7.1/apps/my-app-c/esp8266/build_contexts/build_ctx_966624955/libs/core/include" to "/fwbuild-volumes/2.7.1/apps/my-app-c/esp8266/build_contexts/build_ctx_966624955/libs/core/include"
mount from "/fwbuild-volumes/2.7.1/apps/my-app-c/esp8266/build_contexts/build_ctx_966624955/libs/core/include/esp8266" to "/fwbuild-volumes/2.7.1/apps/my-app-c/esp8266/build_contexts/build_ctx_966624955/libs/core/include/esp8266"
mount from "/fwbuild-volumes/2.7.1/apps/my-app-c/esp8266/build_contexts/build_ctx_966624955/libs/http-server/include" to "/fwbuild-volumes/2.7.1/apps/my-app-c/esp8266/build_contexts/build_ctx_966624955/libs/http-server/include"
mount from "/fwbuild-volumes/2.7.1/apps/my-app-c/esp8266/build_contexts/build_ctx_966624955/libs/pwm/include" to "/fwbuild-volumes/2.7.1/apps/my-app-c/esp8266/build_contexts/build_ctx_966624955/libs/pwm/include"
mount from "/fwbuild-volumes/2.7.1/apps/my-app-c/esp8266/build_contexts/build_ctx_966624955/libs/rpc-common/include" to "/fwbuild-volumes/2.7.1/apps/my-app-c/esp8266/build_contexts/build_ctx_966624955/libs/rpc-common/include"
mount from "/fwbuild-volumes/2.7.1/apps/my-app-c/esp8266/build_contexts/build_ctx_966624955/libs/rpc-service-gpio/include" to "/fwbuild-volumes/2.7.1/apps/my-app-c/esp8266/build_contexts/build_ctx_966624955/libs/rpc-service-gpio/include"
mount from "/fwbuild-volumes/2.7.1/apps/my-app-c/esp8266/build_contexts/build_ctx_966624955/libs/rpc-service-i2c/include" to "/fwbuild-volumes/2.7.1/apps/my-app-c/esp8266/build_contexts/build_ctx_966624955/libs/rpc-service-i2c/include"
mount from "/fwbuild-volumes/2.7.1/apps/my-app-c/esp8266/build_contexts/build_ctx_966624955/libs/rpc-uart/include" to "/fwbuild-volumes/2.7.1/apps/my-app-c/esp8266/build_contexts/build_ctx_966624955/libs/rpc-uart/include"
mount from "/fwbuild-volumes/2.7.1/apps/my-app-c/esp8266/build_contexts/build_ctx_966624955/libs/rpc-ws/include" to "/fwbuild-volumes/2.7.1/apps/my-app-c/esp8266/build_contexts/build_ctx_966624955/libs/rpc-ws/include"
mount from "/fwbuild-volumes/2.7.1/apps/my-app-c/esp8266/build_contexts/build_ctx_966624955/libs/wifi/include" to "/fwbuild-volumes/2.7.1/apps/my-app-c/esp8266/build_contexts/build_ctx_966624955/libs/wifi/include"
mount from "/fwbuild-volumes/2.7.1/apps/my-app-c/esp8266/build_contexts/build_ctx_966624955/fs" to "/fwbuild-volumes/2.7.1/apps/my-app-c/esp8266/build_contexts/build_ctx_966624955/fs"
mount from "/fwbuild-volumes/2.7.1/apps/my-app-c/esp8266/build_contexts/build_ctx_966624955/libs/mbedtls/lib/esp8266" to "/fwbuild-volumes/2.7.1/apps/my-app-c/esp8266/build_contexts/build_ctx_966624955/libs/mbedtls/lib/esp8266"
mount from "/fwbuild-volumes/2.7.1/apps/my-app-c/esp8266/build_contexts/build_ctx_966624955/libs/mongoose/lib/esp8266" to "/fwbuild-volumes/2.7.1/apps/my-app-c/esp8266/build_contexts/build_ctx_966624955/libs/mongoose/lib/esp8266"
mount from "/fwbuild-volumes/2.7.1/apps/my-app-c/esp8266/build_contexts/build_ctx_966624955/build/gen" to "/fwbuild-volumes/2.7.1/apps/my-app-c/esp8266/build_contexts/build_ctx_966624955/build/gen"
Docker arguments: run --name mos_build_2018-12-03T21-22-51-00_1713424235203604386 --rm -i -v /fwbuild-volumes/2.7.1/apps/my-app-c/esp8266/build_contexts/build_ctx_966624955/libs/mbedtls/lib/esp8266:/fwbuild-volumes/2.7.1/apps/my-app-c/esp8266/build_contexts/build_ctx_966624955/libs/mbedtls/lib/esp8266 -v /fwbuild-volumes/2.7.1/apps/my-app-c/esp8266/build_contexts/build_ctx_966624955/libs/atca/cryptoauthlib/lib/crypto:/fwbuild-volumes/2.7.1/apps/my-app-c/esp8266/build_contexts/build_ctx_966624955/libs/atca/cryptoauthlib/lib/crypto -v /fwbuild-volumes/2.7.1/apps/my-app-c/esp8266/build_contexts/build_ctx_966624955/libs/vfs-common/src:/fwbuild-volumes/2.7.1/apps/my-app-c/esp8266/build_contexts/build_ctx_966624955/libs/vfs-common/src -v /fwbuild-volumes/2.7.1/apps/my-app-c/esp8266/build_contexts/build_ctx_966624955/libs/vfs-common/include/esp8266:/fwbuild-volumes/2.7.1/apps/my-app-c/esp8266/build_contexts/build_ctx_966624955/libs/vfs-common/include/esp8266 -v /fwbuild-volumes/2.7.1/apps/my-app-c/esp8266/build_contexts/build_ctx_966624955/libs/core/src:/fwbuild-volumes/2.7.1/apps/my-app-c/esp8266/build_contexts/build_ctx_966624955/libs/core/src -v /fwbuild-volumes/2.7.1/apps/my-app-c/esp8266/build_contexts/build_ctx_966624955/libs/rpc-common/include:/fwbuild-volumes/2.7.1/apps/my-app-c/esp8266/build_contexts/build_ctx_966624955/libs/rpc-common/include -v /fwbuild-volumes/2.7.1/apps/my-app-c/esp8266/build_contexts/build_ctx_966624955/libs/rpc-service-gpio/include:/fwbuild-volumes/2.7.1/apps/my-app-c/esp8266/build_contexts/build_ctx_966624955/libs/rpc-service-gpio/include -v /fwbuild-volumes/2.7.1/apps/my-app-c/esp8266/build_contexts/build_ctx_966624955/libs/mongoose/lib/esp8266:/fwbuild-volumes/2.7.1/apps/my-app-c/esp8266/build_contexts/build_ctx_966624955/libs/mongoose/lib/esp8266 -v /fwbuild-volumes/2.7.1/apps/my-app-c/esp8266/build_contexts/build_ctx_966624955/libs/pwm/src/esp8266:/fwbuild-volumes/2.7.1/apps/my-app-c/esp8266/build_contexts/build_ctx_966624955/libs/pwm/src/esp8266 -v /fwbuild-volumes/2.7.1/apps/my-app-c/esp8266/build_contexts/build_ctx_966624955/libs/i2c/include:/fwbuild-volumes/2.7.1/apps/my-app-c/esp8266/build_contexts/build_ctx_966624955/libs/i2c/include -v /fwbuild-volumes/2.7.1/apps/my-app-c/esp8266/build_contexts/build_ctx_966624955/libs/core/include:/fwbuild-volumes/2.7.1/apps/my-app-c/esp8266/build_contexts/build_ctx_966624955/libs/core/include -v /fwbuild-volumes/2.7.1/apps/my-app-c/esp8266/build_contexts/build_ctx_966624955/libs/atca/include:/fwbuild-volumes/2.7.1/apps/my-app-c/esp8266/build_contexts/build_ctx_966624955/libs/atca/include -v /fwbuild-volumes/2.7.1/apps/my-app-c/esp8266/build_contexts/build_ctx_966624955/libs/vfs-common/include:/fwbuild-volumes/2.7.1/apps/my-app-c/esp8266/build_contexts/build_ctx_966624955/libs/vfs-common/include -v /fwbuild-volumes/2.7.1/apps/my-app-c/esp8266/build_contexts/build_ctx_966624955/libs/i2c/src:/fwbuild-volumes/2.7.1/apps/my-app-c/esp8266/build_contexts/build_ctx_966624955/libs/i2c/src -v /fwbuild-volumes/2.7.1/apps/my-app-c/esp8266/build_contexts/build_ctx_966624955/libs/atca/cryptoauthlib/lib/basic:/fwbuild-volumes/2.7.1/apps/my-app-c/esp8266/build_contexts/build_ctx_966624955/libs/atca/cryptoauthlib/lib/basic -v /fwbuild-volumes/2.7.1/apps/my-app-c/esp8266/build_contexts/build_ctx_966624955/libs/vfs-dev-part/src:/fwbuild-volumes/2.7.1/apps/my-app-c/esp8266/build_contexts/build_ctx_966624955/libs/vfs-dev-part/src -v /fwbuild-volumes/2.7.1/apps/my-app-c/esp8266/build_contexts/build_ctx_966624955/libs/wifi/src:/fwbuild-volumes/2.7.1/apps/my-app-c/esp8266/build_contexts/build_ctx_966624955/libs/wifi/src -v /fwbuild-volumes/2.7.1/apps/my-app-c/esp8266/build_contexts/build_ctx_966624955/libs/core/include/esp8266:/fwbuild-volumes/2.7.1/apps/my-app-c/esp8266/build_contexts/build_ctx_966624955/libs/core/include/esp8266 -v /fwbuild-volumes/2.7.1/apps/my-app-c/esp8266/build_contexts/build_ctx_966624955/build/gen:/fwbuild-volumes/2.7.1/apps/my-app-c/esp8266/build_contexts/build_ctx_966624955/build/gen -v /fwbuild-volumes/2.7.1/apps/my-app-c/esp8266/build_contexts/build_ctx_966624955/libs/atca/cryptoauthlib/lib/host:/fwbuild-volumes/2.7.1/apps/my-app-c/esp8266/build_contexts/build_ctx_966624955/libs/atca/cryptoauthlib/lib/host -v /fwbuild-volumes/2.7.1/apps/my-app-c/esp8266/build_contexts/build_ctx_966624955/libs/core/src/esp8266:/fwbuild-volumes/2.7.1/apps/my-app-c/esp8266/build_contexts/build_ctx_966624955/libs/core/src/esp8266 -v /fwbuild-volumes/2.7.1/apps/my-app-c/esp8266/build_contexts/build_ctx_966624955/libs/vfs-fs-spiffs/src:/fwbuild-volumes/2.7.1/apps/my-app-c/esp8266/build_contexts/build_ctx_966624955/libs/vfs-fs-spiffs/src -v /fwbuild-volumes/2.7.1/apps/my-app-c/esp8266/build_contexts/build_ctx_966624955/libs/rpc-service-gpio/src:/fwbuild-volumes/2.7.1/apps/my-app-c/esp8266/build_contexts/build_ctx_966624955/libs/rpc-service-gpio/src -v /fwbuild-volumes/2.7.1/apps/my-app-c/esp8266/build_contexts/build_ctx_966624955/libs/rpc-uart/include:/fwbuild-volumes/2.7.1/apps/my-app-c/esp8266/build_contexts/build_ctx_966624955/libs/rpc-uart/include -v /fwbuild-volumes/2.7.1/apps/my-app-c/esp8266/build_contexts/build_ctx_966624955/libs/vfs-fs-spiffs/include/esp8266:/fwbuild-volumes/2.7.1/apps/my-app-c/esp8266/build_contexts/build_ctx_966624955/libs/vfs-fs-spiffs/include/esp8266 -v /fwbuild-volumes/2.7.1/apps/my-app-c/esp8266/build_contexts/build_ctx_966624955/libs/vfs-fs-spiffs/src/spiffs:/fwbuild-volumes/2.7.1/apps/my-app-c/esp8266/build_contexts/build_ctx_966624955/libs/vfs-fs-spiffs/src/spiffs -v /fwbuild-volumes/2.7.1/apps/my-app-c/esp8266/build_contexts/build_ctx_966624955/libs/rpc-common/src:/fwbuild-volumes/2.7.1/apps/my-app-c/esp8266/build_contexts/build_ctx_966624955/libs/rpc-common/src -v /fwbuild-volumes/2.7.1/apps/my-app-c/esp8266/build_contexts/build_ctx_966624955/libs/rpc-uart/src:/fwbuild-volumes/2.7.1/apps/my-app-c/esp8266/build_contexts/build_ctx_966624955/libs/rpc-uart/src -v /fwbuild-volumes/2.7.1/apps/my-app-c/esp8266/build_contexts/build_ctx_966624955/libs/mongoose/include:/fwbuild-volumes/2.7.1/apps/my-app-c/esp8266/build_contexts/build_ctx_966624955/libs/mongoose/include -v /fwbuild-volumes/2.7.1/apps/my-app-c/esp8266/build_contexts/build_ctx_966624955/libs/http-server/include:/fwbuild-volumes/2.7.1/apps/my-app-c/esp8266/build_contexts/build_ctx_966624955/libs/http-server/include -v /fwbuild-volumes/2.7.1/apps/my-app-c/esp8266/build_contexts/build_ctx_966624955:/app -v /fwbuild-volumes/2.7.1/apps/my-app-c/esp8266/build_contexts/build_ctx_966624955/libs/atca/cryptoauthlib/lib/hal:/fwbuild-volumes/2.7.1/apps/my-app-c/esp8266/build_contexts/build_ctx_966624955/libs/atca/cryptoauthlib/lib/hal -v /fwbuild-volumes/2.7.1/apps/my-app-c/esp8266/build_contexts/build_ctx_966624955/libs/mbedtls/include:/fwbuild-volumes/2.7.1/apps/my-app-c/esp8266/build_contexts/build_ctx_966624955/libs/mbedtls/include -v /fwbuild-volumes/2.7.1/apps/my-app-c/esp8266/build_contexts/build_ctx_966624955/libs/rpc-service-i2c/include:/fwbuild-volumes/2.7.1/apps/my-app-c/esp8266/build_contexts/build_ctx_966624955/libs/rpc-service-i2c/include -v /fwbuild-volumes/2.7.1/apps/my-app-c/esp8266/build_contexts/build_ctx_966624955/libs/atca/src:/fwbuild-volumes/2.7.1/apps/my-app-c/esp8266/build_contexts/build_ctx_966624955/libs/atca/src -v /fwbuild-volumes/2.7.1/apps/my-app-c/esp8266/build_contexts/build_ctx_966624955/libs/vfs-fs-spiffs/include/spiffs:/fwbuild-volumes/2.7.1/apps/my-app-c/esp8266/build_contexts/build_ctx_966624955/libs/vfs-fs-spiffs/include/spiffs -v /fwbuild-volumes/2.7.1/apps/my-app-c/esp8266/build_contexts/build_ctx_966624955/libs/pwm/include:/fwbuild-volumes/2.7.1/apps/my-app-c/esp8266/build_contexts/build_ctx_966624955/libs/pwm/include -v /fwbuild-volumes/2.7.1/apps/my-app-c/esp8266/build_contexts/build_ctx_966624955/libs/mbedtls/mbedtls/include:/fwbuild-volumes/2.7.1/apps/my-app-c/esp8266/build_contexts/build_ctx_966624955/libs/mbedtls/mbedtls/include -v /fwbuild-volumes/2.7.1/apps/my-app-c/esp8266/build_contexts/build_ctx_966624955/libs/http-server/src:/fwbuild-volumes/2.7.1/apps/my-app-c/esp8266/build_contexts/build_ctx_966624955/libs/http-server/src -v /fwbuild-volumes/2.7.1/apps/my-app-c/esp8266/build_contexts/build_ctx_966624955/libs/wifi/include:/fwbuild-volumes/2.7.1/apps/my-app-c/esp8266/build_contexts/build_ctx_966624955/libs/wifi/include -v /fwbuild-volumes/2.7.1/apps/my-app-c/esp8266/build_contexts/build_ctx_966624955/build:/fwbuild-volumes/2.7.1/apps/my-app-c/esp8266/build_contexts/build_ctx_966624955/build -v /fwbuild-volumes/2.7.1/apps/my-app-c/esp8266/build_contexts/build_ctx_966624955/libs/i2c/src/common_gpio:/fwbuild-volumes/2.7.1/apps/my-app-c/esp8266/build_contexts/build_ctx_966624955/libs/i2c/src/common_gpio -v /fwbuild-volumes/2.7.1/apps/my-app-c/esp8266/build_contexts/build_ctx_966624955/libs/vfs-common/src/esp8266:/fwbuild-volumes/2.7.1/apps/my-app-c/esp8266/build_contexts/build_ctx_966624955/libs/vfs-common/src/esp8266 -v /fwbuild-volumes/2.7.1/apps/my-app-c/esp8266/build_contexts/build_ctx_966624955/libs/rpc-ws/src:/fwbuild-volumes/2.7.1/apps/my-app-c/esp8266/build_contexts/build_ctx_966624955/libs/rpc-ws/src -v /fwbuild-volumes/2.7.1/apps/my-app-c/esp8266/build_contexts/build_ctx_966624955/libs/rpc-ws/include:/fwbuild-volumes/2.7.1/apps/my-app-c/esp8266/build_contexts/build_ctx_966624955/libs/rpc-ws/include -v /fwbuild-volumes/2.7.1/apps/my-app-c/esp8266/build_contexts/build_ctx_966624955/libs/rpc-service-i2c/src:/fwbuild-volumes/2.7.1/apps/my-app-c/esp8266/build_contexts/build_ctx_966624955/libs/rpc-service-i2c/src -v /fwbuild-volumes/2.7.1/apps/my-app-c/esp8266/build_contexts/build_ctx_966624955/libs/wifi/esp8266/src:/fwbuild-volumes/2.7.1/apps/my-app-c/esp8266/build_contexts/build_ctx_966624955/libs/wifi/esp8266/src -v /fwbuild-volumes/2.7.1/apps/my-app-c/esp8266/build_contexts/build_ctx_966624955/libs/vfs-dev-part/include:/fwbuild-volumes/2.7.1/apps/my-app-c/esp8266/build_contexts/build_ctx_966624955/libs/vfs-dev-part/include -v /fwbuild-volumes/2.7.1/apps/my-app-c/esp8266/build_contexts/build_ctx_966624955/libs/atca/cryptoauthlib/lib:/fwbuild-volumes/2.7.1/apps/my-app-c/esp8266/build_contexts/build_ctx_966624955/libs/atca/cryptoauthlib/lib -v /fwbuild-volumes/2.7.1/apps/my-app-c/esp8266/build_contexts/build_ctx_966624955/libs/pwm/src:/fwbuild-volumes/2.7.1/apps/my-app-c/esp8266/build_contexts/build_ctx_966624955/libs/pwm/src -v /fwbuild-volumes/2.7.1/apps/my-app-c/esp8266/build_contexts/build_ctx_966624955/modules/mongoose-os:/mongoose-os -v /fwbuild-volumes/2.7.1/apps/my-app-c/esp8266/build_contexts/build_ctx_966624955/modules/mongoose-os:/fwbuild-volumes/2.7.1/apps/my-app-c/esp8266/build_contexts/build_ctx_966624955/modules/mongoose-os -v /fwbuild-volumes/2.7.1/apps/my-app-c/esp8266/build_contexts/build_ctx_966624955/src:/fwbuild-volumes/2.7.1/apps/my-app-c/esp8266/build_contexts/build_ctx_966624955/src -v /fwbuild-volumes/2.7.1/apps/my-app-c/esp8266/build_contexts/build_ctx_966624955/libs/mbedtls/include/esp8266:/fwbuild-volumes/2.7.1/apps/my-app-c/esp8266/build_contexts/build_ctx_966624955/libs/mbedtls/include/esp8266 -v /fwbuild-volumes/2.7.1/apps/my-app-c/esp8266/build_contexts/build_ctx_966624955/libs/vfs-fs-spiffs/include:/fwbuild-volumes/2.7.1/apps/my-app-c/esp8266/build_contexts/build_ctx_966624955/libs/vfs-fs-spiffs/include -v /fwbuild-volumes/2.7.1/apps/my-app-c/esp8266/build_contexts/build_ctx_966624955/fs:/fwbuild-volumes/2.7.1/apps/my-app-c/esp8266/build_contexts/build_ctx_966624955/fs --user 0:0 docker.io/mgos/esp8266-build:2.2.1-1.5.0-r4 /bin/bash -c nice make '-j' '16' '-C' '/app' '-f' '/mongoose-os/fw/platforms/esp8266/Makefile.build' 'all' 'APP=my-app-c' 'APP_BIN_LIBS=/fwbuild-volumes/2.7.1/apps/my-app-c/esp8266/build_contexts/build_ctx_966624955/libs/mbedtls/lib/esp8266/libmbedtls.a /fwbuild-volumes/2.7.1/apps/my-app-c/esp8266/build_contexts/build_ctx_966624955/libs/mongoose/lib/esp8266/libmongoose.a' 'APP_CFLAGS=-DMBEDTLS_ECP_ATCA=1 -DMBEDTLS_USER_CONFIG_FILE=\"mbedtls_platform_config.h\" -DMBEDTLS_X509_CA_CHAIN_ON_DISK=1 -DMGOS_ENABLE_FILE_UPLOAD=1 -DMGOS_ENABLE_RPC_CHANNEL_HTTP=1 -DMGOS_ENABLE_SYS_SERVICE=1 -DMGOS_ENABLE_TUNNEL=0 -DMGOS_ENABLE_WEB_CONFIG=0 -DMGOS_HAVE_ATCA=1 -DMGOS_HAVE_CORE=1 -DMGOS_HAVE_HTTP_SERVER=1 -DMGOS_HAVE_I2C=1 -DMGOS_HAVE_MBEDTLS=1 -DMGOS_HAVE_MONGOOSE=1 -DMGOS_HAVE_PWM=1 -DMGOS_HAVE_RPC_COMMON=1 -DMGOS_HAVE_RPC_SERVICE_GPIO=1 -DMGOS_HAVE_RPC_SERVICE_I2C=1 -DMGOS_HAVE_RPC_UART=1 -DMGOS_HAVE_RPC_WS=1 -DMGOS_HAVE_VFS_COMMON=1 -DMGOS_HAVE_VFS_DEV_PART=1 -DMGOS_HAVE_VFS_FS_SPIFFS=1 -DMGOS_HAVE_WIFI=1 -DMGOS_HAVE_ZZ_BOARDS=1 -DMGOS_WIFI_ENABLE_AP_STA=1 -DMG_ENABLE_DNS=1 -DMG_ENABLE_DNS_SERVER=1 -DMG_ENABLE_MQTT=1 -DMG_ENABLE_SNTP=1 -DMG_ENABLE_SSL=1 -DMG_SSL_IF=MG_SSL_IF_MBEDTLS -DMG_SSL_IF_MBEDTLS_FREE_CERTS=1 -DMG_SSL_IF_MBEDTLS_MAX_FRAG_LEN=1024' 'APP_CONF_SCHEMA=/fwbuild-volumes/2.7.1/apps/my-app-c/esp8266/build_contexts/build_ctx_966624955/build/gen/mos_conf_schema.yml' 'APP_CXXFLAGS=-DMBEDTLS_ECP_ATCA=1 -DMBEDTLS_USER_CONFIG_FILE=\"mbedtls_platform_config.h\" -DMBEDTLS_X509_CA_CHAIN_ON_DISK=1 -DMGOS_ENABLE_FILE_UPLOAD=1 -DMGOS_ENABLE_RPC_CHANNEL_HTTP=1 -DMGOS_ENABLE_SYS_SERVICE=1 -DMGOS_ENABLE_TUNNEL=0 -DMGOS_ENABLE_WEB_CONFIG=0 -DMGOS_HAVE_ATCA=1 -DMGOS_HAVE_CORE=1 -DMGOS_HAVE_HTTP_SERVER=1 -DMGOS_HAVE_I2C=1 -DMGOS_HAVE_MBEDTLS=1 -DMGOS_HAVE_MONGOOSE=1 -DMGOS_HAVE_PWM=1 -DMGOS_HAVE_RPC_COMMON=1 -DMGOS_HAVE_RPC_SERVICE_GPIO=1 -DMGOS_HAVE_RPC_SERVICE_I2C=1 -DMGOS_HAVE_RPC_UART=1 -DMGOS_HAVE_RPC_WS=1 -DMGOS_HAVE_VFS_COMMON=1 -DMGOS_HAVE_VFS_DEV_PART=1 -DMGOS_HAVE_VFS_FS_SPIFFS=1 -DMGOS_HAVE_WIFI=1 -DMGOS_HAVE_ZZ_BOARDS=1 -DMGOS_WIFI_ENABLE_AP_STA=1 -DMG_ENABLE_DNS=1 -DMG_ENABLE_DNS_SERVER=1 -DMG_ENABLE_MQTT=1 -DMG_ENABLE_SNTP=1 -DMG_ENABLE_SSL=1 -DMG_SSL_IF=MG_SSL_IF_MBEDTLS -DMG_SSL_IF_MBEDTLS_FREE_CERTS=1 -DMG_SSL_IF_MBEDTLS_MAX_FRAG_LEN=1024' 'APP_FS_FILES=/fwbuild-volumes/2.7.1/apps/my-app-c/esp8266/build_contexts/build_ctx_966624955/fs/favicon-16x16.png /fwbuild-volumes/2.7.1/apps/my-app-c/esp8266/build_contexts/build_ctx_966624955/fs/favicon-32x32.png /fwbuild-volumes/2.7.1/apps/my-app-c/esp8266/build_contexts/build_ctx_966624955/fs/favicon.ico /fwbuild-volumes/2.7.1/apps/my-app-c/esp8266/build_contexts/build_ctx_966624955/fs/index.html /fwbuild-volumes/2.7.1/apps/my-app-c/esp8266/build_contexts/build_ctx_966624955/fs/jscolor.js' 'APP_INCLUDES=/fwbuild-volumes/2.7.1/apps/my-app-c/esp8266/build_contexts/build_ctx_966624955/libs/i2c/include /fwbuild-volumes/2.7.1/apps/my-app-c/esp8266/build_contexts/build_ctx_966624955/libs/atca/include /fwbuild-volumes/2.7.1/apps/my-app-c/esp8266/build_contexts/build_ctx_966624955/libs/atca/cryptoauthlib/lib /fwbuild-volumes/2.7.1/apps/my-app-c/esp8266/build_contexts/build_ctx_966624955/libs/mbedtls/include /fwbuild-volumes/2.7.1/apps/my-app-c/esp8266/build_contexts/build_ctx_966624955/libs/mbedtls/include/esp8266 /fwbuild-volumes/2.7.1/apps/my-app-c/esp8266/build_contexts/build_ctx_966624955/libs/mbedtls/mbedtls/include /fwbuild-volumes/2.7.1/apps/my-app-c/esp8266/build_contexts/build_ctx_966624955/libs/vfs-common/include /fwbuild-volumes/2.7.1/apps/my-app-c/esp8266/build_contexts/build_ctx_966624955/libs/vfs-common/include/esp8266 /fwbuild-volumes/2.7.1/apps/my-app-c/esp8266/build_contexts/build_ctx_966624955/libs/mongoose/include /fwbuild-volumes/2.7.1/apps/my-app-c/esp8266/build_contexts/build_ctx_966624955/libs/vfs-dev-part/include /fwbuild-volumes/2.7.1/apps/my-app-c/esp8266/build_contexts/build_ctx_966624955/libs/vfs-fs-spiffs/include /fwbuild-volumes/2.7.1/apps/my-app-c/esp8266/build_contexts/build_ctx_966624955/libs/vfs-fs-spiffs/include/spiffs /fwbuild-volumes/2.7.1/apps/my-app-c/esp8266/build_contexts/build_ctx_966624955/libs/vfs-fs-spiffs/include/esp8266 /fwbuild-volumes/2.7.1/apps/my-app-c/esp8266/build_contexts/build_ctx_966624955/libs/core/include /fwbuild-volumes/2.7.1/apps/my-app-c/esp8266/build_contexts/build_ctx_966624955/libs/core/include/esp8266 /fwbuild-volumes/2.7.1/apps/my-app-c/esp8266/build_contexts/build_ctx_966624955/libs/http-server/include /fwbuild-volumes/2.7.1/apps/my-app-c/esp8266/build_contexts/build_ctx_966624955/libs/pwm/include /fwbuild-volumes/2.7.1/apps/my-app-c/esp8266/build_contexts/build_ctx_966624955/libs/rpc-common/include /fwbuild-volumes/2.7.1/apps/my-app-c/esp8266/build_contexts/build_ctx_966624955/libs/rpc-service-gpio/include /fwbuild-volumes/2.7.1/apps/my-app-c/esp8266/build_contexts/build_ctx_966624955/libs/rpc-service-i2c/include /fwbuild-volumes/2.7.1/apps/my-app-c/esp8266/build_contexts/build_ctx_966624955/libs/rpc-uart/include /fwbuild-volumes/2.7.1/apps/my-app-c/esp8266/build_contexts/build_ctx_966624955/libs/rpc-ws/include /fwbuild-volumes/2.7.1/apps/my-app-c/esp8266/build_contexts/build_ctx_966624955/libs/wifi/include' 'APP_SOURCES=/fwbuild-volumes/2.7.1/apps/my-app-c/esp8266/build_contexts/build_ctx_966624955/src/main.c /fwbuild-volumes/2.7.1/apps/my-app-c/esp8266/build_contexts/build_ctx_966624955/build/gen/mgos_deps_init.c /fwbuild-volumes/2.7.1/apps/my-app-c/esp8266/build_contexts/build_ctx_966624955/libs/i2c/src/mgos_i2c.c /fwbuild-volumes/2.7.1/apps/my-app-c/esp8266/build_contexts/build_ctx_966624955/libs/i2c/src/common_gpio/mgos_i2c_gpio.c /fwbuild-volumes/2.7.1/apps/my-app-c/esp8266/build_contexts/build_ctx_966624955/libs/atca/src/mgos_atca.c /fwbuild-volumes/2.7.1/apps/my-app-c/esp8266/build_contexts/build_ctx_966624955/libs/atca/cryptoauthlib/lib/atca_cfgs.c /fwbuild-volumes/2.7.1/apps/my-app-c/esp8266/build_contexts/build_ctx_966624955/libs/atca/cryptoauthlib/lib/atca_command.c /fwbuild-volumes/2.7.1/apps/my-app-c/esp8266/build_contexts/build_ctx_966624955/libs/atca/cryptoauthlib/lib/atca_device.c /fwbuild-volumes/2.7.1/apps/my-app-c/esp8266/build_contexts/build_ctx_966624955/libs/atca/cryptoauthlib/lib/atca_iface.c /fwbuild-volumes/2.7.1/apps/my-app-c/esp8266/build_contexts/build_ctx_966624955/libs/atca/cryptoauthlib/lib/basic/atca_basic.c /fwbuild-volumes/2.7.1/apps/my-app-c/esp8266/build_contexts/build_ctx_966624955/libs/atca/cryptoauthlib/lib/basic/atca_helpers.c /fwbuild-volumes/2.7.1/apps/my-app-c/esp8266/build_contexts/build_ctx_966624955/libs/atca/cryptoauthlib/lib/host/atca_host.c /fwbuild-volumes/2.7.1/apps/my-app-c/esp8266/build_contexts/build_ctx_966624955/libs/vfs-common/src/mgos_vfs.c /fwbuild-volumes/2.7.1/apps/my-app-c/esp8266/build_contexts/build_ctx_966624955/libs/vfs-common/src/mgos_vfs_dev.c /fwbuild-volumes/2.7.1/apps/my-app-c/esp8266/build_contexts/build_ctx_966624955/libs/vfs-common/src/mgos_vfs_internal.c /fwbuild-volumes/2.7.1/apps/my-app-c/esp8266/build_contexts/build_ctx_966624955/libs/vfs-common/src/esp8266/esp_flash_writer.c /fwbuild-volumes/2.7.1/apps/my-app-c/esp8266/build_contexts/build_ctx_966624955/libs/vfs-common/src/esp8266/esp_fs.c /fwbuild-volumes/2.7.1/apps/my-app-c/esp8266/build_contexts/build_ctx_966624955/libs/vfs-common/src/esp8266/esp_vfs_dev_sysflash.c /fwbuild-volumes/2.7.1/apps/my-app-c/esp8266/build_contexts/build_ctx_966624955/libs/vfs-dev-part/src/mgos_vfs_dev_part.c /fwbuild-volumes/2.7.1/apps/my-app-c/esp8266/build_contexts/build_ctx_966624955/libs/vfs-fs-spiffs/src/mgos_vfs_fs_spiffs.c /fwbuild-volumes/2.7.1/apps/my-app-c/esp8266/build_contexts/build_ctx_966624955/libs/vfs-fs-spiffs/src/spiffs/spiffs_cache.c /fwbuild-volumes/2.7.1/apps/my-app-c/esp8266/build_contexts/build_ctx_966624955/libs/vfs-fs-spiffs/src/spiffs/spiffs_check.c /fwbuild-volumes/2.7.1/apps/my-app-c/esp8266/build_contexts/build_ctx_966624955/libs/vfs-fs-spiffs/src/spiffs/spiffs_gc.c /fwbuild-volumes/2.7.1/apps/my-app-c/esp8266/build_contexts/build_ctx_966624955/libs/vfs-fs-spiffs/src/spiffs/spiffs_hydrogen.c /fwbuild-volumes/2.7.1/apps/my-app-c/esp8266/build_contexts/build_ctx_966624955/libs/vfs-fs-spiffs/src/spiffs/spiffs_nucleus.c /fwbuild-volumes/2.7.1/apps/my-app-c/esp8266/build_contexts/build_ctx_966624955/libs/core/src/mgos_core.c /fwbuild-volumes/2.7.1/apps/my-app-c/esp8266/build_contexts/build_ctx_966624955/libs/core/src/esp8266/esp_rboot.c /fwbuild-volumes/2.7.1/apps/my-app-c/esp8266/build_contexts/build_ctx_966624955/libs/http-server/src/mgos_http_server.c /fwbuild-volumes/2.7.1/apps/my-app-c/esp8266/build_contexts/build_ctx_966624955/libs/pwm/src/mgos_pwm.c /fwbuild-volumes/2.7.1/apps/my-app-c/esp8266/build_contexts/build_ctx_966624955/libs/pwm/src/mgos_pwm_rgb_led.c /fwbuild-volumes/2.7.1/apps/my-app-c/esp8266/build_contexts/build_ctx_966624955/libs/pwm/src/esp8266/esp_pwm.c /fwbuild-volumes/2.7.1/apps/my-app-c/esp8266/build_contexts/build_ctx_966624955/libs/rpc-common/src/mg_rpc.c /fwbuild-volumes/2.7.1/apps/my-app-c/esp8266/build_contexts/build_ctx_966624955/libs/rpc-common/src/mg_rpc_channel.c /fwbuild-volumes/2.7.1/apps/my-app-c/esp8266/build_contexts/build_ctx_966624955/libs/rpc-common/src/mg_rpc_channel_http.c /fwbuild-volumes/2.7.1/apps/my-app-c/esp8266/build_contexts/build_ctx_966624955/libs/rpc-common/src/mgos_rpc.c /fwbuild-volumes/2.7.1/apps/my-app-c/esp8266/build_contexts/build_ctx_966624955/libs/rpc-service-gpio/src/mgos_gpio_service.c /fwbuild-volumes/2.7.1/apps/my-app-c/esp8266/build_contexts/build_ctx_966624955/libs/rpc-service-i2c/src/mgos_i2c_service.c /fwbuild-volumes/2.7.1/apps/my-app-c/esp8266/build_contexts/build_ctx_966624955/libs/rpc-uart/src/mgos_rpc_channel_uart.c /fwbuild-volumes/2.7.1/apps/my-app-c/esp8266/build_contexts/build_ctx_966624955/libs/rpc-ws/src/mg_rpc_channel_ws.c /fwbuild-volumes/2.7.1/apps/my-app-c/esp8266/build_contexts/build_ctx_966624955/libs/rpc-ws/src/mgos_rpc_ws.c /fwbuild-volumes/2.7.1/apps/my-app-c/esp8266/build_contexts/build_ctx_966624955/libs/wifi/src/mgos_wifi.c /fwbuild-volumes/2.7.1/apps/my-app-c/esp8266/build_contexts/build_ctx_966624955/libs/wifi/src/mjs_wifi.c /fwbuild-volumes/2.7.1/apps/my-app-c/esp8266/build_contexts/build_ctx_966624955/libs/wifi/esp8266/src/esp_wifi.c' 'APP_VERSION=1.0' 'BOARD=' 'BUILD_DIR=/fwbuild-volumes/2.7.1/apps/my-app-c/esp8266/build_contexts/build_ctx_966624955/build/objs' 'FFI_SYMBOLS=' 'FS_STAGING_DIR=/fwbuild-volumes/2.7.1/apps/my-app-c/esp8266/build_contexts/build_ctx_966624955/build/fs' 'FW_DIR=/fwbuild-volumes/2.7.1/apps/my-app-c/esp8266/build_contexts/build_ctx_966624955/build/fw' 'GEN_DIR=/fwbuild-volumes/2.7.1/apps/my-app-c/esp8266/build_contexts/build_ctx_966624955/build/gen' 'MANIFEST_FINAL=/fwbuild-volumes/2.7.1/apps/my-app-c/esp8266/build_contexts/build_ctx_966624955/build/gen/mos_final.yml' 'MGOS_ENABLE_I2C_GPIO=1' 'MGOS_HAVE_ATCA=1' 'MGOS_HAVE_CORE=1' 'MGOS_HAVE_HTTP_SERVER=1' 'MGOS_HAVE_I2C=1' 'MGOS_HAVE_MBEDTLS=1' 'MGOS_HAVE_MONGOOSE=1' 'MGOS_HAVE_PWM=1' 'MGOS_HAVE_RPC_COMMON=1' 'MGOS_HAVE_RPC_SERVICE_GPIO=1' 'MGOS_HAVE_RPC_SERVICE_I2C=1' 'MGOS_HAVE_RPC_UART=1' 'MGOS_HAVE_RPC_WS=1' 'MGOS_HAVE_VFS_COMMON=1' 'MGOS_HAVE_VFS_DEV_PART=1' 'MGOS_HAVE_VFS_FS_SPIFFS=1' 'MGOS_HAVE_WIFI=1' 'MGOS_HAVE_ZZ_BOARDS=1' 'MGOS_PATH=/mongoose-os' 'MGOS_WIFI_ENABLE_AP_STA=1' 'PLATFORM=esp8266'
make: Entering directory '/app'
  GEN   /fwbuild-volumes/2.7.1/apps/my-app-c/esp8266/build_contexts/build_ctx_966624955/build/gen/ffi_exports.c
  CP    /fwbuild-volumes/2.7.1/apps/my-app-c/esp8266/build_contexts/build_ctx_966624955/build/gen/conf0.json -> /fwbuild-volumes/2.7.1/apps/my-app-c/esp8266/build_contexts/build_ctx_966624955/build/fs
  CP    /fwbuild-volumes/2.7.1/apps/my-app-c/esp8266/build_contexts/build_ctx_966624955/fs/favicon-16x16.png -> /fwbuild-volumes/2.7.1/apps/my-app-c/esp8266/build_contexts/build_ctx_966624955/build/fs
  CP    /fwbuild-volumes/2.7.1/apps/my-app-c/esp8266/build_contexts/build_ctx_966624955/fs/favicon-32x32.png -> /fwbuild-volumes/2.7.1/apps/my-app-c/esp8266/build_contexts/build_ctx_966624955/build/fs
  CP    /fwbuild-volumes/2.7.1/apps/my-app-c/esp8266/build_contexts/build_ctx_966624955/fs/favicon.ico -> /fwbuild-volumes/2.7.1/apps/my-app-c/esp8266/build_contexts/build_ctx_966624955/build/fs
  CP    /fwbuild-volumes/2.7.1/apps/my-app-c/esp8266/build_contexts/build_ctx_966624955/fs/index.html -> /fwbuild-volumes/2.7.1/apps/my-app-c/esp8266/build_contexts/build_ctx_966624955/build/fs
  CP    /fwbuild-volumes/2.7.1/apps/my-app-c/esp8266/build_contexts/build_ctx_966624955/fs/jscolor.js -> /fwbuild-volumes/2.7.1/apps/my-app-c/esp8266/build_contexts/build_ctx_966624955/build/fs
  MKFS  /usr/local/bin/mkspiffs8 262144 4096 256 4096 /fwbuild-volumes/2.7.1/apps/my-app-c/esp8266/build_contexts/build_ctx_966624955/build/fs -> /fwbuild-volumes/2.7.1/apps/my-app-c/esp8266/build_contexts/build_ctx_966624955/build/objs/fw_temp/fs.bin
     FS params: size=262144, bs=4096, ps=256, es=4096
       Adding conf0.json: 1385
       Adding index.html: 7055
       Adding favicon.ico: 1150
       Adding favicon-16x16.png: 774
       Adding favicon-32x32.png: 2069
       Adding jscolor.js: 54087
     FS stats : space total=233681, used=69276, free=164405
  CC    /fwbuild-volumes/2.7.1/apps/my-app-c/esp8266/build_contexts/build_ctx_966624955/build/gen/ffi_exports.c
  LD    /fwbuild-volumes/2.7.1/apps/my-app-c/esp8266/build_contexts/build_ctx_966624955/build/objs/my-app-c.elf
  FW    /fwbuild-volumes/2.7.1/apps/my-app-c/esp8266/build_contexts/build_ctx_966624955/build/objs/my-app-c.elf -> /fwbuild-volumes/2.7.1/apps/my-app-c/esp8266/build_contexts/build_ctx_966624955/build/objs/my-app-c.bin
  Generating breakdown
  GEN    /fwbuild-volumes/2.7.1/apps/my-app-c/esp8266/build_contexts/build_ctx_966624955/build/objs/fw_temp/manifest.json
  ZIP    /fwbuild-volumes/2.7.1/apps/my-app-c/esp8266/build_contexts/build_ctx_966624955/build/fw/my-app-c-esp8266-last.zip
     Adding /fwbuild-volumes/2.7.1/apps/my-app-c/esp8266/build_contexts/build_ctx_966624955/build/objs/fw_temp/esp_init_data_default_v08.bin
     Adding /fwbuild-volumes/2.7.1/apps/my-app-c/esp8266/build_contexts/build_ctx_966624955/build/objs/fw_temp/fs.bin
     Adding /fwbuild-volumes/2.7.1/apps/my-app-c/esp8266/build_contexts/build_ctx_966624955/build/objs/fw_temp/my-app-c.bin
     Adding /fwbuild-volumes/2.7.1/apps/my-app-c/esp8266/build_contexts/build_ctx_966624955/build/objs/fw_temp/rboot.bin
  Built my-app-c/esp8266 version 1.0 (20181203-211953)
make: Leaving directory '/app'
Success, built my-app-c/esp8266 version 1.0 (20181203-211953).
Firmware saved to /fwbuild-volumes/2.7.1/apps/my-app-c/esp8266/build_contexts/build_ctx_966624955/build/fw.zip
